STOCK CODE,NAME OF LISTED SECURITIES,BOARD LOT,REMARK
08001,ORIENTSEC INT,4000,#, , , 
08002,IGG,1000,#, , , 
08003,GREAT WORLD,2000,#, , , 
08005,YUXING INFOTECH,4000,#, , , 
08006,SINO SPLENDID,1000,#, , , 
08007,DIGITALHONGKONG,2000,#, , , 
08008,SUNEVISION,1000,#,H, , 
08009,CHI ENGY HOLD,10000,#, , , 
08010,SINGPAO MEDIA,2000,#, , , 
08011,POLYARD PETRO,20000,#, , , 
08016,CHANGHONG JH,2000,#, , , 
08017,LONG SUCCESS,10000,#, , , 
08018,FINSOFT CORP,2500,#, , , 
08019,HAO WEN HLDGS,20000,#, , , 
08020,CHANCETON FIN,10000,#, , , 
08021,WLS HOLDINGS,10000,#, , , 
08022,TLT LOTTOTAIN,3000,#, , , 
08025,ACR HOLDINGS,2000,#, , , 
08026,PROSTEN TECH,1000,#, , , 
08028,TIMELESS,2000,#, , , 
08029,SUN INT'L,5000,#, , , 
08030,FLYING FIN,5000,#, , , 
08031,ETS GROUP-2000,2000,#, , , 
08032,VIVA CHINA,8000,#, , , 
08033,VODATEL NETWORK,2000,#, , , 
08036,GOLDENMARS,3000,#, , , 
08037,LONGLIFE GROUP,10000,#, , , 
08039,PEGASUS ENT,4000,#, , , 
08041,LUXEY INT'L,20000,#, , , 
08045,NANDASOFT,6000,#, , , 
08046,HENG XIN CHINA,4000,#, , , 
08047,RISING PWR GP,4000,#, , , 
08048,H.K. JEWELRY,2000,#, , , 
08049,JILIN CHANGLONG,4000,#, , , 
08050,YUNBO DIGITAL,2000,#, , , 
08051,TELEEYE HOLDING,1000,#, , , 
08053,PIZU GROUP,20000,#, , , 
08055,CHI E-LEARNING,8000,#, , , 
08056,DIFFER GROUP,5000,#, , , 
08058,LUOXIN PHARMA,2000,#,H, , 
08060,GLOBAL LINK,10000,#, , , 
08061,ACROSSASIA,20000,#, , , 
08063,WELL WAY GP,2000,#, , , 
08066,PHOENITRON HOLD,5000,#, , , 
08068,NU INT'L,20000,#, , , 
08071,CH NETCOMTECH,5000,#, , , 
08072,ROMA GROUP,10000,#, , , 
08075,MEDIA ASIA,4000,#, , , 
08076,SING LEE,5000,#, , , 
08077,KVB KUNLUN FG,5000,#, , , 
08078,CHINA3D DIGIT,15000,#, , , 
08079,UL CREATIVITY,20000,#, , , 
08080,NAS HOLDINGS,8000,#, , , 
08081,COMPUTECH,6000,#, , , 
08082,SAGE INT'L GP,5000,#, , , 
08083,INNOVATIONPAY,4000,#, , , 
08085,HK LIFE SCI,4000,#, , , 
08086,DX.COM HOLDINGS,4000,#, , , 
08087,CHINA 33MEDIA,2000,#, , , 
08088,CROSBY CAPITAL,4000,#, , , 
08089,CHINESE STRAT,2000,#, , , 
08090,CHI ASSURANCE,10000,#, , , 
08092,ITE HOLDINGS,4000,#, , , 
08095,BEIDA JADE BIRD,1000,#, , , 
08096,RUIFENG PETRO,8000,#, , , 
08098,CL GROUP,5000,#, , , 
08099,CH WOOD OPT,4000,#, , , 
08100,M DREAM INWORLD,20000,#, , , 
08101,JIA MENG HLDG,2000,#, , , 
08103,TAI SHING,10000,#, , , 
08106,ZHEDA LANDE,5000,#, , , 
08107,U BANQUET GP,2000,#, , , 
08108,FAVA INT'L,8000,#, , , 
08109,CREATIVE ENERGY,10000,#, , , 
08111,CT SOLARPOWER,5000,#, , , 
08112,FOCUS MEDIA,4000,#, , , 
08115,SHANGHAI QINGPU,4000,#, , , 
08116,C FORTUNE INV,20000,#, , , 
08117,CHINA P RES,10000,#, , , 
08119,THIZ TECHNOLOGY,20000,#, , , 
08120,ORI UNICORN-NEW,10000,#, , , 
08123,FIRST CHINA NET,6000,#, , , 
08126,G. A. HOLDINGS,4000,#, , , 
08128,C G SOURCE ENGY,8000,#, , , 
08129,CH BIO CASSAVA,20000,#, , , 
08130,ZHI CHENG H,20000,#, , , 
08131,ABC MULTIACTIVE,2000,#, , , 
08132,FAIRSON HLDGS,10000,#, , , 
08135,ZMFY GLASS,5000,#, , , 
08137,HONBRIDGE,2000,#, , , 
08138,TONGRENTANGCM,1000,#,H, , 
08143,HUA XIA HEALTH,4000,#, , , 
08145,TSO,2000,#, , , 
08146,MASTERCRAFT I,6000,#, , , 
08148,AURUM PACIFIC,20000,#, , , 
08150,SEAMLESS GREEN,10000,#, , , 
08153,CODE AGRI,2000,#, , , 
08155,SOUTHCHINA LAND,8000,#, , , 
08156,CHINA VANGUARD,5000,#, , , 
08158,CHINA BIO-MED,5000,#,H, , 
08159,GLORY MARK,5000,#, , , 
08163,MERDEKA RES,10000,#, , , 
08165,JIAN EPAYMENT,10000,#, , , 
08166,CHINA ECO-FARM,20000,#, , , 
08167,NEO TELEMEDIA,4000,#, , , 
08168,UKF,10000,#, , , 
08169,ECO-TEK HLDGS,10000,#, , , 
08171,CHINA TRENDS,4000,#, , , 
08172,C MEDIA&FILMS,20000,#, , , 
08173,PAN ASIA MINING,5000,#, , , 
08175,C DIGITAL CUL,10000,#, , , 
08176,EDS WELLNESS,5000,#, , , 
08178,CHINA INFO TECH,24000,#, , , 
08179,GAYETY HLDGS,8000,#, , , 
08180,NEW RAY MEDIC,8000,#, , , 
08181,KONGSHUMUNION,8000,#, , , 
08185,RM GROUP,4000,#, , , 
08186,CHINA ASEAN RES,10000,#, , , 
08189,TEDA BIOMEDICAL,5000,#, , , 
08190,COMBEST HOLD,10000,#, , , 
08191,HONG WEI ASIA,6000,#, , , 
08192,GLOBAL ENERGY,32000,#, , , 
08193,GC PRO SER,5000,#, , , 
08197,NORTHEAST TIGER,10000,#, , , 
08198,MELCOLOT,4000,#,H, , 
08200,SAU SAN TONG,4000,#, , , 
08201,PPS INT'L,10000,#, , , 
08202,INNO-TECH HOLD,10000,#, , , 
08203,KAISUN ENERGY,10000,#, , , 
08205,JIAODA WITHUB,4000,#, , , 
08206,C COMM TELE SER,1000,#, , , 
08207,CREDIT CHINA,4000,#, , , 
08209,MAJOR HLDGS,2000,#, , , 
08210,ADVANCED CARD,8000,#, , , 
08211,YONGLONG,10000,#, , , 
08212,CELEBRATE INT,4000,#, , , 
08213,EPICUREAN,10000,#, , , 
08215,FIRST CREDIT,10000,#, , , 
08218,ECHO INT HOLD,4000,#, , , 
08219,BRANDINGCHINA,2000,#, , , 
08220,BINGO GROUP,20000,#, , , 
08225,VENTUREPHARM,5000,#, , , 
08226,SUNRISE C TECH,4000,#, , , 
08227,HAITIAN ANTENNA,4000,#, , , 
08228,NATIONAL ARTS,20000,#, , , 
08232,CHINA U-TON,5000,#, , , 
08233,CIG PORTS,4000,#, , , 
08235,CCID CONSULTING,10000,#, , , 
08236,POWERLEADER,1000,#, , , 
08239,MING KEI HOLD,2000,#, , , 
08242,MEGALOGICTECH,2500,#, , , 
08243,DAHE MEDIA,5000,#, , , 
08246,NOBLE HOUSE H,4000,#, , , 
08247,BIOSINO BIO-TEC,2000,#, , , 
08249,NINGBO WANHAO,5000,#, , , 
08250,CHI NATURAL INV,20000,#, , , 
08253,TIANYUAN,10000,#, , , 
08255,CHINA BINARY,6000,#, , , 
08256,NETEL,4000,#, , , 
08258,NW INDUSTRY,10000,#, , , 
08260,ZEBRA STRAT,10000,#, , , 
08261,HAITIAN HYDRO,10000,#, , , 
08265,POWERWELL PAC,4000,#, , , 
08266,GOLD TAT GP,16000,#, , , 
08269,WEALTH GLORY,8000,#, , , 
08270,CHINA LEASON,10000,#, , , 
08271,GDC,2000,#, , , 
08272,C FOOD&BEV GP,20000,#, , , 
08273,ZJ PROSPECT,2000,#, , , 
08276,HUAZHANG TECH,4000,#, , , 
08279,AGTECH HOLDINGS,4000,#,H, , 
08286,CCOE,5000,#, , , 
08291,SOUTHWEST ECO,4000,#, , , 
08292,HC INTL,2000,#,H, , 
08295,ASIAN CAPITAL H,20000,#, , , 
08296,SINO-LIFE GROUP,4000,#, , , 
08298,AKM INDUSTRIAL,10000,#, , , 
08299,GRAND T G GOLD,12000,#, , , 
08301,MINGWAH HI TECH,8000,#, , , 
08306,CH NONFERROUS,10000,#, , , 
08309,RUNWAY GLOBAL,6000,#, , , 
08310,GAMMALOGISTIC,10000,#, , , 
08311,PERFECT OPT,10000,#, , , 
08312,BRILLIANCE WW,10000,#, , , 
08317,FINET GROUP,2000,#, , , 
08320,C CHENG HLDGS,4000,#, , , 
08321,C AUTO INT DECO,10000,#, , , 
08325,ORIENTAL CITY,10000,#, , , 
08326,JC GROUP HLDG,5000,#, , , 
08329,NEP INTERLONG,10000,#, , , 
08337,DIRECTEL,10000,#, , , 
08340,VINCO FINANCIAL,10000,#, , , 
08348,BINHAI TEDA,2000,#, , , 
08351,LARRY JEWELRY,10000,#, , , 
08356,CNC HOLDINGS,10000,#, , , 
08373,ORI UNICORN-OLD,1250,#, , , 
08375,ETS GROUP-4000,4000,#, , , 
08376,SUN INT'L,2500,#, , , 
